castor % sml
Standard ML of New Jersey v110.54 [built: Fri Jun 24 16:28:49 2005]
- use "map.sml";
[opening map.sml]
val square1 = fn : int list -> int list
val halve1 = fn : real list -> real list
val distr1 = fn : 'a * 'b list -> ('a * 'b) list
val map = fn : ('a -> 'b) -> 'a list -> 'b list
val square2 = fn : int list -> int list
val halve2 = fn : real list -> real list
val distr2 = fn : 'a * 'b list -> ('a * 'b) list
val it = () : unit
-       
- 
- square2([1,2,3,4,5]);
val it = [1,4,9,16,25] : int list
- distr2("cse",[113, 114, 115, 116]);
val it = [("cse",113),("cse",114),("cse",115),("cse",116)]
  : (string * int) list
- 

-------------------------------------------

How square2 works:

square2([1,2,3,4,5])
=> map(isq)[1,2,3,4,5]
=> isq(1) :: map(isq)[2,3,4,5]
=> 1 :: map(isq)[2,3,4,5]
=> 1 :: isq(2) :: map(isq)[3,4,5]
=> 1 :: 4 :: map(isq)[3,4,5]
=>
...
=> 1 :: 4 :: 9 :: 16 :: 25 :: []
